2025-02-03 16:39:26.375 [background-preinit] INFO  org.hibernate.validator.internal.util.Version - HV000001: Hibernate Validator 8.0.2.Final
2025-02-03 16:39:26.460 [main] INFO  com.bankapp.BankappApplication - Starting BankappApplication using Java 21.0.4 with PID 20068 (C:\Users\sudeev.divakar\Desktop\Koerber_Lab_Assessments\src\Lab3\demo\target\classes started by sudeev.divakar in C:\Users\sudeev.divakar\Desktop\Koerber_Lab_Assessments\src\Lab3\demo)
2025-02-03 16:39:26.472 [main] INFO  com.bankapp.BankappApplication - No active profile set, falling back to 1 default profile: "default"
2025-02-03 16:39:28.040 [main] INFO  org.springframework.data.repository.config.RepositoryConfigurationDelegate - Bootstrapping Spring Data JPA repositories in DEFAULT mode.
2025-02-03 16:39:28.137 [main] INFO  org.springframework.data.repository.config.RepositoryConfigurationDelegate - Finished Spring Data repository scanning in 88 ms. Found 1 JPA repository interface.
2025-02-03 16:39:29.579 [main] INFO  org.springframework.boot.web.embedded.tomcat.TomcatWebServer - Tomcat initialized with port 3000 (http)
2025-02-03 16:39:29.609 [main] INFO  org.apache.coyote.http11.Http11NioProtocol - Initializing ProtocolHandler ["http-nio-3000"]
2025-02-03 16:39:29.618 [main] INFO  org.apache.catalina.core.StandardService - Starting service [Tomcat]
2025-02-03 16:39:29.619 [main] INFO  org.apache.catalina.core.StandardEngine - Starting Servlet engine: [Apache Tomcat/10.1.34]
2025-02-03 16:39:29.762 [main] INFO  org.apache.catalina.core.ContainerBase.[Tomcat].[localhost].[/] - Initializing Spring embedded WebApplicationContext
2025-02-03 16:39:29.766 [main] INFO  org.springframework.boot.web.servlet.context.ServletWebServerApplicationContext - Root WebApplicationContext: initialization completed in 3186 ms
2025-02-03 16:39:30.547 [main] INFO  org.hibernate.jpa.internal.util.LogHelper - HHH000204: Processing PersistenceUnitInfo [name: default]
2025-02-03 16:39:30.653 [main] INFO  org.hibernate.Version - HHH000412: Hibernate ORM core version 6.5.3.Final
2025-02-03 16:39:30.709 [main] INFO  org.hibernate.cache.internal.RegionFactoryInitiator - HHH000026: Second-level cache disabled
2025-02-03 16:39:31.592 [main] INFO  org.springframework.orm.jpa.persistenceunit.SpringPersistenceUnitInfo - No LoadTimeWeaver setup: ignoring JPA class transformer
2025-02-03 16:39:31.637 [main] INFO  com.zaxxer.hikari.HikariDataSource - HikariPool-1 - Starting...
2025-02-03 16:39:31.907 [main] INFO  com.zaxxer.hikari.pool.HikariPool - HikariPool-1 - Added connection conn0: url=jdbc:h2:mem:c39fc3d2-4b1d-4e76-b28d-5924bccb3f8d user=SA
2025-02-03 16:39:31.909 [main] INFO  com.zaxxer.hikari.HikariDataSource - HikariPool-1 - Start completed.
2025-02-03 16:39:33.222 [main] INFO  org.hibernate.engine.transaction.jta.platform.internal.JtaPlatformInitiator - HHH000489: No JTA platform available (set 'hibernate.transaction.jta.platform' to enable JTA platform integration)
2025-02-03 16:39:33.318 [main] INFO  org.springframework.orm.jpa.LocalContainerEntityManagerFactoryBean - Initialized JPA EntityManagerFactory for persistence unit 'default'
2025-02-03 16:39:34.769 [main] WARN  org.springframework.boot.autoconfigure.orm.jpa.JpaBaseConfiguration$JpaWebConfiguration - spring.jpa.open-in-view is enabled by default. Therefore, database queries may be performed during view rendering. Explicitly configure spring.jpa.open-in-view to disable this warning
2025-02-03 16:39:36.052 [main] INFO  org.apache.coyote.http11.Http11NioProtocol - Starting ProtocolHandler ["http-nio-3000"]
2025-02-03 16:39:36.134 [main] INFO  org.springframework.boot.web.embedded.tomcat.TomcatWebServer - Tomcat started on port 3000 (http) with context path '/'
2025-02-03 16:39:36.156 [main] INFO  com.bankapp.BankappApplication - Started BankappApplication in 10.258 seconds (process running for 11.684)
2025-02-03 16:39:51.786 [http-nio-3000-exec-2] INFO  org.apache.catalina.core.ContainerBase.[Tomcat].[localhost].[/] - Initializing Spring DispatcherServlet 'dispatcherServlet'
2025-02-03 16:39:51.787 [http-nio-3000-exec-2] INFO  org.springframework.web.servlet.DispatcherServlet - Initializing Servlet 'dispatcherServlet'
2025-02-03 16:39:51.790 [http-nio-3000-exec-2] INFO  org.springframework.web.servlet.DispatcherServlet - Completed initialization in 3 ms
2025-02-03 16:39:52.688 [http-nio-3000-exec-2] INFO  org.springdoc.api.AbstractOpenApiResource - Init duration for springdoc-openapi is: 760 ms
2025-02-03 16:44:18.604 [SpringApplicationShutdownHook] INFO  org.springframework.orm.jpa.LocalContainerEntityManagerFactoryBean - Closing JPA EntityManagerFactory for persistence unit 'default'
2025-02-03 16:44:18.607 [SpringApplicationShutdownHook] INFO  com.zaxxer.hikari.HikariDataSource - HikariPool-1 - Shutdown initiated...
2025-02-03 16:44:18.610 [SpringApplicationShutdownHook] INFO  com.zaxxer.hikari.HikariDataSource - HikariPool-1 - Shutdown completed.
